<?xml version="1.0" encoding="UTF-8"?>
<!-- Generated by org.testng.reporters.JUnitXMLReporter -->
<testsuite hostname="DESKTOP-480DBP8" ignored="0" name="Command line test" tests="3" failures="0" timestamp="25 Feb 2019 09:49:45 GMT" time="0.078" errors="0">
  <testcase name="hi" time="0.019" classname="Pack1.Class1Test"/>
  <testcase name="hello" time="0.0" classname="Pack1.Class2Test"/>
  <testcase name="name" time="0.001" classname="Pack2.Class3Test"/>
</testsuite> <!-- Command line test -->
