<?xml version="1.0" encoding="UTF-8"?>
<testng-results skipped="0" failed="0" ignored="0" total="3" passed="3">
  <reporter-output>
  </reporter-output>
  <suite name="Command line suite" duration-ms="78" started-at="2019-02-25T09:49:45Z" finished-at="2019-02-25T09:49:45Z">
    <groups>
    </groups>
    <test name="Command line test" duration-ms="78" started-at="2019-02-25T09:49:45Z" finished-at="2019-02-25T09:49:45Z">
      <class name="Pack1.Class1Test">
        <test-method status="PASS" signature="hi()[pri:0, instance:Pack1.Class1Test@6a5fc7f7]" name="hi" duration-ms="19" started-at="2019-02-25T09:49:45Z" finished-at="2019-02-25T09:49:45Z">
          <reporter-output>
          </reporter-output>
        </test-method> <!-- hi -->
      </class> <!-- Pack1.Class1Test -->
      <class name="Pack2.Class3Test">
        <test-method status="PASS" signature="name()[pri:0, instance:Pack2.Class3Test@1e643faf]" name="name" duration-ms="1" started-at="2019-02-25T09:49:45Z" finished-at="2019-02-25T09:49:45Z">
          <reporter-output>
          </reporter-output>
        </test-method> <!-- name -->
      </class> <!-- Pack2.Class3Test -->
      <class name="Pack1.Class2Test">
        <test-method status="PASS" signature="hello()[pri:0, instance:Pack1.Class2Test@3b6eb2ec]" name="hello" duration-ms="0" started-at="2019-02-25T09:49:45Z" finished-at="2019-02-25T09:49:45Z">
          <reporter-output>
          </reporter-output>
        </test-method> <!-- hello -->
      </class> <!-- Pack1.Class2Test -->
    </test> <!-- Command line test -->
  </suite> <!-- Command line suite -->
</testng-results>
